0 verbose cli /usr/local/bin/node /usr/local/lib/node_modules/npm/bin/npm-cli.js
1 info using npm@11.7.0
2 info using node@v22.16.0
3 silly config load:file:/usr/local/lib/node_modules/npm/npmrc
4 silly config load:file:/Users/karstenmonteiro/Dev/mountmix/mountain-mixology/.npmrc
5 silly config load:file:/Users/karstenmonteiro/.npmrc
6 silly config load:file:/usr/local/etc/npmrc
7 verbose title npm exec update-browserslist-db@latest
8 verbose argv "exec" "--" "update-browserslist-db@latest"
9 verbose logfile logs-max:10 dir:/Users/karstenmonteiro/Dev/mountmix/mountain-mixology/.npm-cache/_logs/2025-12-13T21_09_56_863Z-
10 verbose logfile /Users/karstenmonteiro/Dev/mountmix/mountain-mixology/.npm-cache/_logs/2025-12-13T21_09_56_863Z-debug-0.log
11 silly logfile done cleaning log files
12 silly packumentCache heap:4345298944 maxSize:1086324736 maxEntrySize:543162368
13 http fetch GET 200 https://registry.npmjs.org/update-browserslist-db 283ms (cache miss)
14 silly packumentCache heap:4345298944 maxSize:1086324736 maxEntrySize:543162368
15 silly packumentCache heap:4345298944 maxSize:1086324736 maxEntrySize:543162368
16 silly idealTree buildDeps
17 silly fetch manifest update-browserslist-db@1.2.2
18 silly packumentCache full:https://registry.npmjs.org/update-browserslist-db cache-miss
19 http fetch GET 200 https://registry.npmjs.org/update-browserslist-db 70ms (cache miss)
20 silly packumentCache full:https://registry.npmjs.org/update-browserslist-db set size:undefined disposed:false
21 silly fetch manifest browserslist@>= 4.21.0
22 silly packumentCache full:https://registry.npmjs.org/browserslist cache-miss
23 http fetch GET 200 https://registry.npmjs.org/browserslist 165ms (cache miss)
24 silly packumentCache full:https://registry.npmjs.org/browserslist set size:undefined disposed:false
25 silly placeDep ROOT update-browserslist-db@1.2.2 OK for:  want: 1.2.2
26 silly placeDep ROOT browserslist@4.28.1 OK for: update-browserslist-db@1.2.2 want: >= 4.21.0
27 silly fetch manifest escalade@^3.2.0
28 silly packumentCache full:https://registry.npmjs.org/escalade cache-miss
29 silly fetch manifest picocolors@^1.1.1
30 silly packumentCache full:https://registry.npmjs.org/picocolors cache-miss
31 silly fetch manifest baseline-browser-mapping@^2.9.0
32 silly packumentCache full:https://registry.npmjs.org/baseline-browser-mapping cache-miss
33 silly fetch manifest caniuse-lite@^1.0.30001759
34 silly packumentCache full:https://registry.npmjs.org/caniuse-lite cache-miss
35 silly fetch manifest electron-to-chromium@^1.5.263
36 silly packumentCache full:https://registry.npmjs.org/electron-to-chromium cache-miss
37 silly fetch manifest node-releases@^2.0.27
38 silly packumentCache full:https://registry.npmjs.org/node-releases cache-miss
39 http fetch GET 200 https://registry.npmjs.org/escalade 62ms (cache miss)
40 silly packumentCache full:https://registry.npmjs.org/escalade set size:undefined disposed:false
41 http fetch GET 200 https://registry.npmjs.org/picocolors 212ms (cache miss)
42 silly packumentCache full:https://registry.npmjs.org/picocolors set size:undefined disposed:false
43 http fetch GET 200 https://registry.npmjs.org/baseline-browser-mapping 287ms (cache miss)
44 silly packumentCache full:https://registry.npmjs.org/baseline-browser-mapping set size:undefined disposed:false
45 http fetch GET 200 https://registry.npmjs.org/node-releases 328ms (cache miss)
46 silly packumentCache full:https://registry.npmjs.org/node-releases set size:undefined disposed:false
47 http fetch GET 200 https://registry.npmjs.org/caniuse-lite 361ms (cache miss)
48 silly packumentCache full:https://registry.npmjs.org/caniuse-lite set size:undefined disposed:false
49 http fetch GET 200 https://registry.npmjs.org/electron-to-chromium 639ms (cache miss)
50 silly packumentCache full:https://registry.npmjs.org/electron-to-chromium set size:undefined disposed:false
51 silly placeDep ROOT baseline-browser-mapping@2.9.7 OK for: browserslist@4.28.1 want: ^2.9.0
52 silly placeDep ROOT caniuse-lite@1.0.30001760 OK for: browserslist@4.28.1 want: ^1.0.30001759
53 silly placeDep ROOT electron-to-chromium@1.5.267 OK for: browserslist@4.28.1 want: ^1.5.263
54 silly placeDep ROOT node-releases@2.0.27 OK for: browserslist@4.28.1 want: ^2.0.27
55 silly placeDep ROOT escalade@3.2.0 OK for: update-browserslist-db@1.2.2 want: ^3.2.0
56 silly placeDep ROOT picocolors@1.1.1 OK for: update-browserslist-db@1.2.2 want: ^1.1.1
57 silly reify moves {}
58 silly audit bulk request {
58 silly audit   'update-browserslist-db': [ '1.2.2' ],
58 silly audit   browserslist: [ '4.28.1' ],
58 silly audit   'baseline-browser-mapping': [ '2.9.7' ],
58 silly audit   'caniuse-lite': [ '1.0.30001760' ],
58 silly audit   'electron-to-chromium': [ '1.5.267' ],
58 silly audit   'node-releases': [ '2.0.27' ],
58 silly audit   escalade: [ '3.2.0' ],
58 silly audit   picocolors: [ '1.1.1' ]
58 silly audit }
59 http cache picocolors@https://registry.npmjs.org/picocolors/-/picocolors-1.1.1.tgz 0ms (cache hit)
60 http cache baseline-browser-mapping@https://registry.npmjs.org/baseline-browser-mapping/-/baseline-browser-mapping-2.9.7.tgz 0ms (cache hit)
61 http cache caniuse-lite@https://registry.npmjs.org/caniuse-lite/-/caniuse-lite-1.0.30001760.tgz 0ms (cache hit)
62 http cache electron-to-chromium@https://registry.npmjs.org/electron-to-chromium/-/electron-to-chromium-1.5.267.tgz 0ms (cache hit)
63 http cache node-releases@https://registry.npmjs.org/node-releases/-/node-releases-2.0.27.tgz 0ms (cache hit)
64 http cache browserslist@https://registry.npmjs.org/browserslist/-/browserslist-4.28.1.tgz 0ms (cache hit)
65 http cache escalade@https://registry.npmjs.org/escalade/-/escalade-3.2.0.tgz 0ms (cache hit)
66 http cache update-browserslist-db@https://registry.npmjs.org/update-browserslist-db/-/update-browserslist-db-1.2.2.tgz 0ms (cache hit)
67 silly tarball no local data for baseline-browser-mapping@https://registry.npmjs.org/baseline-browser-mapping/-/baseline-browser-mapping-2.9.7.tgz. Extracting by manifest.
68 silly tarball no local data for caniuse-lite@https://registry.npmjs.org/caniuse-lite/-/caniuse-lite-1.0.30001760.tgz. Extracting by manifest.
69 silly tarball no local data for electron-to-chromium@https://registry.npmjs.org/electron-to-chromium/-/electron-to-chromium-1.5.267.tgz. Extracting by manifest.
70 silly tarball no local data for node-releases@https://registry.npmjs.org/node-releases/-/node-releases-2.0.27.tgz. Extracting by manifest.
71 silly tarball no local data for browserslist@https://registry.npmjs.org/browserslist/-/browserslist-4.28.1.tgz. Extracting by manifest.
72 silly tarball no local data for update-browserslist-db@https://registry.npmjs.org/update-browserslist-db/-/update-browserslist-db-1.2.2.tgz. Extracting by manifest.
73 http fetch GET 200 https://registry.npmjs.org/baseline-browser-mapping/-/baseline-browser-mapping-2.9.7.tgz 65ms (cache miss)
74 http fetch GET 200 https://registry.npmjs.org/browserslist/-/browserslist-4.28.1.tgz 72ms (cache miss)
75 http fetch GET 200 https://registry.npmjs.org/electron-to-chromium/-/electron-to-chromium-1.5.267.tgz 75ms (cache miss)
76 http fetch POST 200 https://registry.npmjs.org/-/npm/v1/security/advisories/bulk 90ms
77 silly audit report {}
78 http fetch GET 200 https://registry.npmjs.org/node-releases/-/node-releases-2.0.27.tgz 163ms (cache miss)
79 http fetch GET 200 https://registry.npmjs.org/update-browserslist-db/-/update-browserslist-db-1.2.2.tgz 190ms (cache miss)
80 http fetch GET 200 https://registry.npmjs.org/caniuse-lite/-/caniuse-lite-1.0.30001760.tgz 215ms (cache miss)
81 verbose cwd /Users/karstenmonteiro/Dev/mountmix/mountain-mixology
82 verbose os Darwin 25.2.0
83 verbose node v22.16.0
84 verbose npm  v11.7.0
85 verbose exit 0
86 info ok
