0 verbose cli /usr/local/bin/node /usr/local/bin/npm
1 info using npm@11.6.0
2 info using node@v22.16.0
3 silly config load:file:/usr/local/lib/node_modules/npm/npmrc
4 silly config load:file:/Users/karstenmonteiro/Dev/mountmix/mountain-mixology/.npmrc
5 silly config load:file:/Users/karstenmonteiro/.npmrc
6 silly config load:file:/usr/local/etc/npmrc
7 verbose title npm install bcryptjs better-sqlite3 @types/better-sqlite3
8 verbose argv "install" "bcryptjs" "better-sqlite3" "@types/better-sqlite3"
9 verbose logfile logs-max:10 dir:/Users/karstenmonteiro/Dev/mountmix/mountain-mixology/.npm-cache/_logs/2025-10-06T11_06_29_358Z-
10 verbose logfile /Users/karstenmonteiro/Dev/mountmix/mountain-mixology/.npm-cache/_logs/2025-10-06T11_06_29_358Z-debug-0.log
11 silly logfile done cleaning log files
12 silly packumentCache heap:4345298944 maxSize:1086324736 maxEntrySize:543162368
13 silly idealTree buildDeps
14 silly fetch manifest bcryptjs@^2.4.3
15 silly packumentCache full:https://registry.npmjs.org/bcryptjs cache-miss
16 http fetch GET 200 https://registry.npmjs.org/npm 437ms
17 http fetch GET 200 https://registry.npmjs.org/bcryptjs 294ms (cache miss)
18 silly packumentCache full:https://registry.npmjs.org/bcryptjs set size:undefined disposed:false
19 silly fetch manifest better-sqlite3@^9.6.0
20 silly packumentCache full:https://registry.npmjs.org/better-sqlite3 cache-miss
21 http fetch GET 200 https://registry.npmjs.org/better-sqlite3 94ms (cache miss)
22 silly packumentCache full:https://registry.npmjs.org/better-sqlite3 set size:undefined disposed:false
23 silly fetch manifest @types/better-sqlite3@^7.6.13
24 silly packumentCache full:https://registry.npmjs.org/@types%2fbetter-sqlite3 cache-miss
25 http fetch GET 200 https://registry.npmjs.org/@types%2fbetter-sqlite3 159ms (cache miss)
26 silly packumentCache full:https://registry.npmjs.org/@types%2fbetter-sqlite3 set size:undefined disposed:false
27 silly placeDep ROOT @types/better-sqlite3@7.6.13 REPLACE for: rest-express@1.0.0 want: ^7.6.13
28 silly placeDep ROOT bcryptjs@2.4.3 REPLACE for: rest-express@1.0.0 want: ^2.4.3
29 silly placeDep ROOT better-sqlite3@9.6.0 REPLACE for: rest-express@1.0.0 want: ^9.6.0
30 silly reify moves {}
31 silly audit bulk request {
31 silly audit   '@alloc/quick-lru': [ '5.2.0' ],
31 silly audit   '@babel/runtime': [ '7.28.2' ],
31 silly audit   '@emnapi/core': [ '1.4.5' ],
31 silly audit   '@emnapi/runtime': [ '1.4.5' ],
31 silly audit   '@emnapi/wasi-threads': [ '1.0.4' ],
31 silly audit   '@esbuild/aix-ppc64': [ '0.25.8' ],
31 silly audit   '@esbuild/android-arm': [ '0.25.8' ],
31 silly audit   '@esbuild/android-arm64': [ '0.25.8' ],
31 silly audit   '@esbuild/android-x64': [ '0.25.8' ],
31 silly audit   '@esbuild/darwin-arm64': [ '0.25.8' ],
31 silly audit   '@esbuild/darwin-x64': [ '0.25.8' ],
31 silly audit   '@esbuild/freebsd-arm64': [ '0.25.8' ],
31 silly audit   '@esbuild/freebsd-x64': [ '0.25.8' ],
31 silly audit   '@esbuild/linux-arm': [ '0.25.8' ],
31 silly audit   '@esbuild/linux-arm64': [ '0.25.8' ],
31 silly audit   '@esbuild/linux-ia32': [ '0.25.8' ],
31 silly audit   '@esbuild/linux-loong64': [ '0.25.8' ],
31 silly audit   '@esbuild/linux-mips64el': [ '0.25.8' ],
31 silly audit   '@esbuild/linux-ppc64': [ '0.25.8' ],
31 silly audit   '@esbuild/linux-riscv64': [ '0.25.8' ],
31 silly audit   '@esbuild/linux-s390x': [ '0.25.8' ],
31 silly audit   '@esbuild/linux-x64': [ '0.25.8' ],
31 silly audit   '@esbuild/netbsd-arm64': [ '0.25.8' ],
31 silly audit   '@esbuild/netbsd-x64': [ '0.25.8' ],
31 silly audit   '@esbuild/openbsd-arm64': [ '0.25.8' ],
31 silly audit   '@esbuild/openbsd-x64': [ '0.25.8' ],
31 silly audit   '@esbuild/openharmony-arm64': [ '0.25.8' ],
31 silly audit   '@esbuild/sunos-x64': [ '0.25.8' ],
31 silly audit   '@esbuild/win32-arm64': [ '0.25.8' ],
31 silly audit   '@esbuild/win32-ia32': [ '0.25.8' ],
31 silly audit   '@esbuild/win32-x64': [ '0.25.8' ],
31 silly audit   '@eslint-community/eslint-utils': [ '4.7.0' ],
31 silly audit   'eslint-visitor-keys': [ '3.4.3', '4.2.1' ],
31 silly audit   '@eslint-community/regexpp': [ '4.12.1' ],
31 silly audit   '@eslint/config-array': [ '0.21.0' ],
31 silly audit   '@eslint/config-helpers': [ '0.3.0' ],
31 silly audit   '@eslint/core': [ '0.15.1' ],
31 silly audit   '@eslint/eslintrc': [ '3.3.1' ],
31 silly audit   '@eslint/js': [ '9.31.0' ],
31 silly audit   '@eslint/object-schema': [ '2.1.6' ],
31 silly audit   '@eslint/plugin-kit': [ '0.3.4' ],
31 silly audit   '@floating-ui/core': [ '1.7.2' ],
31 silly audit   '@floating-ui/dom': [ '1.7.2' ],
31 silly audit   '@floating-ui/react-dom': [ '2.1.4' ],
31 silly audit   '@floating-ui/utils': [ '0.2.10' ],
31 silly audit   '@hubspot/api-client': [ '13.0.0' ],
31 silly audit   '@humanfs/core': [ '0.19.1' ],
31 silly audit   '@humanfs/node': [ '0.16.6' ],
31 silly audit   '@humanwhocodes/retry': [ '0.3.1', '0.4.3' ],
31 silly audit   '@humanwhocodes/module-importer': [ '1.0.1' ],
31 silly audit   '@img/sharp-darwin-arm64': [ '0.34.3' ],
31 silly audit   '@img/sharp-darwin-x64': [ '0.34.3' ],
31 silly audit   '@img/sharp-libvips-darwin-arm64': [ '1.2.0' ],
31 silly audit   '@img/sharp-libvips-darwin-x64': [ '1.2.0' ],
31 silly audit   '@img/sharp-libvips-linux-arm': [ '1.2.0' ],
31 silly audit   '@img/sharp-libvips-linux-arm64': [ '1.2.0' ],
31 silly audit   '@img/sharp-libvips-linux-ppc64': [ '1.2.0' ],
31 silly audit   '@img/sharp-libvips-linux-s390x': [ '1.2.0' ],
31 silly audit   '@img/sharp-libvips-linux-x64': [ '1.2.0' ],
31 silly audit   '@img/sharp-libvips-linuxmusl-arm64': [ '1.2.0' ],
31 silly audit   '@img/sharp-libvips-linuxmusl-x64': [ '1.2.0' ],
31 silly audit   '@img/sharp-linux-arm': [ '0.34.3' ],
31 silly audit   '@img/sharp-linux-arm64': [ '0.34.3' ],
31 silly audit   '@img/sharp-linux-ppc64': [ '0.34.3' ],
31 silly audit   '@img/sharp-linux-s390x': [ '0.34.3' ],
31 silly audit   '@img/sharp-linux-x64': [ '0.34.3' ],
31 silly audit   '@img/sharp-linuxmusl-arm64': [ '0.34.3' ],
31 silly audit   '@img/sharp-linuxmusl-x64': [ '0.34.3' ],
31 silly audit   '@img/sharp-wasm32': [ '0.34.3' ],
31 silly audit   '@img/sharp-win32-arm64': [ '0.34.3' ],
31 silly audit   '@img/sharp-win32-ia32': [ '0.34.3' ],
31 silly audit   '@img/sharp-win32-x64': [ '0.34.3' ],
31 silly audit   '@isaacs/cliui': [ '8.0.2' ],
31 silly audit   '@jridgewell/gen-mapping': [ '0.3.12' ],
31 silly audit   '@jridgewell/resolve-uri': [ '3.1.2' ],
31 silly audit   '@jridgewell/sourcemap-codec': [ '1.5.4' ],
31 silly audit   '@jridgewell/trace-mapping': [ '0.3.29' ],
31 silly audit   '@modelcontextprotocol/sdk': [ '1.17.1' ],
31 silly audit   accepts: [ '2.0.0', '1.3.8' ],
31 silly audit   'body-parser': [ '2.2.0', '1.20.3' ],
31 silly audit   'content-disposition': [ '1.0.0', '0.5.4' ],
31 silly audit   'cookie-signature': [ '1.2.2', '1.0.6' ],
31 silly audit   express: [ '5.1.0', '4.21.2' ],
31 silly audit   finalhandler: [ '2.1.0', '1.3.1' ],
31 silly audit   fresh: [ '2.0.0', '0.5.2' ],
31 silly audit   'iconv-lite': [ '0.6.3', '0.4.24' ],
31 silly audit   'media-typer': [ '1.1.0', '0.3.0' ],
31 silly audit   'merge-descriptors': [ '2.0.0', '1.0.3' ],
31 silly audit   'mime-db': [ '1.54.0', '1.52.0' ],
31 silly audit   'mime-types': [ '3.0.1', '2.1.35' ],
31 silly audit   negotiator: [ '1.0.0', '0.6.3' ],
31 silly audit   qs: [ '6.14.0', '6.13.0' ],
31 silly audit   'raw-body': [ '3.0.0', '2.5.2' ],
31 silly audit   send: [ '1.2.0', '0.19.0' ],
31 silly audit   'serve-static': [ '2.2.0', '1.16.2' ],
31 silly audit   'type-is': [ '2.0.1', '1.6.18' ],
31 silly audit   '@napi-rs/wasm-runtime': [ '0.2.12' ],
31 silly audit   '@next/env': [ '15.5.4' ],
31 silly audit   '@next/eslint-plugin-next': [ '15.4.4' ],
31 silly audit   '@next/swc-darwin-arm64': [ '15.5.4' ],
31 silly audit   '@next/swc-darwin-x64': [ '15.5.4' ],
31 silly audit   '@next/swc-linux-arm64-gnu': [ '15.5.4' ],
31 silly audit   '@next/swc-linux-arm64-musl': [ '15.5.4' ],
31 silly audit   '@next/swc-linux-x64-gnu': [ '15.5.4' ],
31 silly audit   '@next/swc-linux-x64-musl': [ '15.5.4' ],
31 silly audit   '@next/swc-win32-arm64-msvc': [ '15.5.4' ],
31 silly audit   '@next/swc-win32-x64-msvc': [ '15.5.4' ],
31 silly audit   '@nodelib/fs.scandir': [ '2.1.5' ],
31 silly audit   '@nodelib/fs.stat': [ '2.0.5' ],
31 silly audit   '@nodelib/fs.walk': [ '1.2.8' ],
31 silly audit   '@nolyfill/is-core-module': [ '1.0.39' ],
31 silly audit   '@pkgjs/parseargs': [ '0.11.0' ],
31 silly audit   '@radix-ui/number': [ '1.1.1' ],
31 silly audit   '@radix-ui/primitive': [ '1.1.2' ],
31 silly audit   '@radix-ui/react-accordion': [ '1.2.11' ],
31 silly audit   '@radix-ui/react-alert-dialog': [ '1.1.14' ],
31 silly audit   '@radix-ui/react-arrow': [ '1.1.7' ],
31 silly audit   '@radix-ui/react-aspect-ratio': [ '1.1.7' ],
31 silly audit   '@radix-ui/react-avatar': [ '1.1.10' ],
31 silly audit   '@radix-ui/react-checkbox': [ '1.3.2' ],
31 silly audit   '@radix-ui/react-collapsible': [ '1.1.11' ],
31 silly audit   '@radix-ui/react-collection': [ '1.1.7' ],
31 silly audit   '@radix-ui/react-compose-refs': [ '1.1.2' ],
31 silly audit   '@radix-ui/react-context': [ '1.1.2' ],
31 silly audit   '@radix-ui/react-context-menu': [ '2.2.15' ],
31 silly audit   '@radix-ui/react-dialog': [ '1.1.14' ],
31 silly audit   '@radix-ui/react-direction': [ '1.1.1' ],
31 silly audit   '@radix-ui/react-dismissable-layer': [ '1.1.10' ],
31 silly audit   '@radix-ui/react-dropdown-menu': [ '2.1.15' ],
31 silly audit   '@radix-ui/react-focus-guards': [ '1.1.2' ],
31 silly audit   '@radix-ui/react-focus-scope': [ '1.1.7' ],
31 silly audit   '@radix-ui/react-hover-card': [ '1.1.14' ],
31 silly audit   '@radix-ui/react-id': [ '1.1.1' ],
31 silly audit   '@radix-ui/react-label': [ '2.1.7' ],
31 silly audit   '@radix-ui/react-menu': [ '2.1.15' ],
31 silly audit   '@radix-ui/react-menubar': [ '1.1.15' ],
31 silly audit   '@radix-ui/react-navigation-menu': [ '1.2.13' ],
31 silly audit   '@radix-ui/react-popover': [ '1.1.14' ],
31 silly audit   '@radix-ui/react-popper': [ '1.2.7' ],
31 silly audit   '@radix-ui/react-portal': [ '1.1.9' ],
31 silly audit   '@radix-ui/react-presence': [ '1.1.4' ],
31 silly audit   '@radix-ui/react-primitive': [ '2.1.3' ],
31 silly audit   '@radix-ui/react-progress': [ '1.1.7' ],
31 silly audit   '@radix-ui/react-radio-group': [ '1.3.7' ],
31 silly audit   '@radix-ui/react-roving-focus': [ '1.1.10' ],
31 silly audit   '@radix-ui/react-scroll-area': [ '1.2.9' ],
31 silly audit   '@radix-ui/react-select': [ '2.2.5' ],
31 silly audit   '@radix-ui/react-separator': [ '1.1.7' ],
31 silly audit   '@radix-ui/react-slider': [ '1.3.5' ],
31 silly audit   '@radix-ui/react-slot': [ '1.2.3' ],
31 silly audit   '@radix-ui/react-switch': [ '1.2.5' ],
31 silly audit   '@radix-ui/react-tabs': [ '1.1.12' ],
31 silly audit   '@radix-ui/react-toast': [ '1.2.14' ],
31 silly audit   '@radix-ui/react-toggle': [ '1.1.9' ],
31 silly audit   '@radix-ui/react-toggle-group': [ '1.1.10' ],
31 silly audit   '@radix-ui/react-tooltip': [ '1.2.7' ],
31 silly audit   '@radix-ui/react-use-callback-ref': [ '1.1.1' ],
31 silly audit   '@radix-ui/react-use-controllable-state': [ '1.2.2' ],
31 silly audit   '@radix-ui/react-use-effect-event': [ '0.0.2' ],
31 silly audit   '@radix-ui/react-use-escape-keydown': [ '1.1.1' ],
31 silly audit   '@radix-ui/react-use-is-hydrated': [ '0.1.0' ],
31 silly audit   '@radix-ui/react-use-layout-effect': [ '1.1.1' ],
31 silly audit   '@radix-ui/react-use-previous': [ '1.1.1' ],
31 silly audit   '@radix-ui/react-use-rect': [ '1.1.1' ],
31 silly audit   '@radix-ui/react-use-size': [ '1.1.1' ],
31 silly audit   '@radix-ui/react-visually-hidden': [ '1.2.3' ],
31 silly audit   '@radix-ui/rect': [ '1.1.1' ],
31 silly audit   '@rtsao/scc': [ '1.1.0' ],
31 silly audit   '@rushstack/eslint-patch': [ '1.12.0' ],
31 silly audit   '@slack/logger': [ '4.0.0' ],
31 silly audit   '@slack/types': [ '2.15.0' ],
31 silly audit   '@slack/web-api': [ '7.9.3' ],
31 silly audit   eventemitter3: [ '5.0.1', '4.0.7' ],
31 silly audit   'form-data': [ '4.0.4', '2.5.5' ],
31 silly audit   '@swc/helpers': [ '0.5.15' ],
31 silly audit   '@tailwindcss/typography': [ '0.5.16' ],
31 silly audit   '@tybys/wasm-util': [ '0.10.0' ],
31 silly audit   '@types/d3-array': [ '3.2.1' ],
31 silly audit   '@types/d3-color': [ '3.1.3' ],
31 silly audit   '@types/d3-ease': [ '3.0.2' ],
31 silly audit   '@types/d3-interpolate': [ '3.0.4' ],
31 silly audit   '@types/d3-path': [ '3.1.1' ],
31 silly audit   '@types/d3-scale': [ '4.0.9' ],
31 silly audit   '@types/d3-shape': [ '3.1.7' ],
31 silly audit   '@types/d3-time': [ '3.0.4' ],
31 silly audit   '@types/d3-timer': [ '3.0.2' ],
31 silly audit   '@types/estree': [ '1.0.8' ],
31 silly audit   '@types/json-schema': [ '7.0.15' ],
31 silly audit   '@types/json5': [ '0.0.29' ],
31 silly audit   '@types/node': [ '20.16.11' ],
31 silly audit   '@types/node-fetch': [ '2.6.13' ],
31 silly audit   '@types/nodemailer': [ '6.4.17' ],
31 silly audit   '@types/prop-types': [ '15.7.15' ],
31 silly audit   '@types/react': [ '18.3.23' ],
31 silly audit   '@types/react-dom': [ '18.3.7' ],
31 silly audit   '@types/retry': [ '0.12.0' ],
31 silly audit   '@typescript-eslint/eslint-plugin': [ '8.38.0' ],
31 silly audit   ignore: [ '7.0.5', '5.3.2' ],
31 silly audit   '@typescript-eslint/parser': [ '8.38.0' ],
31 silly audit   '@typescript-eslint/project-service': [ '8.38.0' ],
31 silly audit   '@typescript-eslint/scope-manager': [ '8.38.0' ],
31 silly audit   '@typescript-eslint/tsconfig-utils': [ '8.38.0' ],
31 silly audit   '@typescript-eslint/type-utils': [ '8.38.0' ],
31 silly audit   '@typescript-eslint/types': [ '8.38.0' ],
31 silly audit   '@typescript-eslint/typescript-estree': [ '8.38.0' ],
31 silly audit   'brace-expansion': [ '2.0.2', '1.1.12' ],
31 silly audit   'fast-glob': [ '3.3.3', '3.3.1' ],
31 silly audit   'glob-parent': [ '5.1.2', '6.0.2' ],
31 silly audit   minimatch: [ '9.0.5', '3.1.2' ],
31 silly audit   '@typescript-eslint/utils': [ '8.38.0' ],
31 silly audit   '@typescript-eslint/visitor-keys': [ '8.38.0' ],
31 silly audit   '@unrs/resolver-binding-android-arm-eabi': [ '1.11.1' ],
31 silly audit   '@unrs/resolver-binding-android-arm64': [ '1.11.1' ],
31 silly audit   '@unrs/resolver-binding-darwin-arm64': [ '1.11.1' ],
31 silly audit   '@unrs/resolver-binding-darwin-x64': [ '1.11.1' ],
31 silly audit   '@unrs/resolver-binding-freebsd-x64': [ '1.11.1' ],
31 silly audit   '@unrs/resolver-binding-linux-arm-gnueabihf': [ '1.11.1' ],
31 silly audit   '@unrs/resolver-binding-linux-arm-musleabihf': [ '1.11.1' ],
31 silly audit   '@unrs/resolver-binding-linux-arm64-gnu': [ '1.11.1' ],
31 silly audit   '@unrs/resolver-binding-linux-arm64-musl': [ '1.11.1' ],
31 silly audit   '@unrs/resolver-binding-linux-ppc64-gnu': [ '1.11.1' ],
31 silly audit   '@unrs/resolver-binding-linux-riscv64-gnu': [ '1.11.1' ],
31 silly audit   '@unrs/resolver-binding-linux-riscv64-musl': [ '1.11.1' ],
31 silly audit   '@unrs/resolver-binding-linux-s390x-gnu': [ '1.11.1' ],
31 silly audit   '@unrs/resolver-binding-linux-x64-gnu': [ '1.11.1' ],
31 silly audit   '@unrs/resolver-binding-linux-x64-musl': [ '1.11.1' ],
31 silly audit   '@unrs/resolver-binding-wasm32-wasi': [ '1.11.1' ],
31 silly audit   '@unrs/resolver-binding-win32-arm64-msvc': [ '1.11.1' ],
31 silly audit   '@unrs/resolver-binding-win32-ia32-msvc': [ '1.11.1' ],
31 silly audit   '@unrs/resolver-binding-win32-x64-msvc': [ '1.11.1' ],
31 silly audit   '@vercel/analytics': [ '1.5.0' ],
31 silly audit   '@vercel/speed-insights': [ '1.2.0' ],
31 silly audit   acorn: [ '8.15.0' ],
31 silly audit   'acorn-jsx': [ '5.3.2' ],
31 silly audit   'agent-base': [ '7.1.4' ],
31 silly audit   ajv: [ '6.12.6' ],
31 silly audit   'ansi-regex': [ '6.1.0', '5.0.1' ],
31 silly audit   'ansi-styles': [ '4.3.0', '6.2.1' ],
31 silly audit   'any-promise': [ '1.3.0' ],
31 silly audit   anymatch: [ '3.1.3' ],
31 silly audit   arg: [ '5.0.2' ],
31 silly audit   argparse: [ '2.0.1' ],
31 silly audit   'aria-hidden': [ '1.2.6' ],
31 silly audit   'aria-query': [ '5.3.2' ],
31 silly audit   'array-buffer-byte-length': [ '1.0.2' ],
31 silly audit   'array-flatten': [ '1.1.1' ],
31 silly audit   'array-includes': [ '3.1.9' ],
31 silly audit   'array.prototype.findlast': [ '1.2.5' ],
31 silly audit   'array.prototype.findlastindex': [ '1.2.6' ],
31 silly audit   'array.prototype.flat': [ '1.3.3' ],
31 silly audit   'array.prototype.flatmap': [ '1.3.3' ],
31 silly audit   'array.prototype.tosorted': [ '1.1.4' ],
31 silly audit   'arraybuffer.prototype.slice': [ '1.0.4' ],
31 silly audit   'ast-types-flow': [ '0.0.8' ],
31 silly audit   'async-function': [ '1.0.0' ],
31 silly audit   asynckit: [ '0.4.0' ],
31 silly audit   autoprefixer: [ '10.4.21' ],
31 silly audit   'available-typed-arrays': [ '1.0.7' ],
31 silly audit   'axe-core': [ '4.10.3' ],
31 silly audit   axios: [ '1.12.2' ],
31 silly audit   'axobject-query': [ '4.1.0' ],
31 silly audit   'balanced-match': [ '1.0.2' ],
31 silly audit   'base64-js': [ '1.5.1' ],
31 silly audit   'bignumber.js': [ '9.3.1' ],
31 silly audit   'binary-extensions': [ '2.3.0' ],
31 silly audit   bindings: [ '1.5.0' ],
31 silly audit   bl: [ '4.1.0' ],
31 silly audit   debug: [ '2.6.9', '4.4.1', '3.2.7' ],
31 silly audit   ms: [ '2.0.0', '2.1.3' ],
31 silly audit   bottleneck: [ '2.19.5' ],
31 silly audit   braces: [ '3.0.3' ],
31 silly audit   browserslist: [ '4.25.1' ],
31 silly audit   buffer: [ '5.7.1' ],
31 silly audit   'buffer-equal-constant-time': [ '1.0.1' ],
31 silly audit   bufferutil: [ '4.0.9' ],
31 silly audit   bytes: [ '3.1.2' ],
31 silly audit   'call-bind': [ '1.0.8' ],
31 silly audit   'call-bind-apply-helpers': [ '1.0.2' ],
31 silly audit   'call-bound': [ '1.0.4' ],
31 silly audit   callsites: [ '3.1.0' ],
31 silly audit   'camelcase-css': [ '2.0.1' ],
31 silly audit   'caniuse-lite': [ '1.0.30001727' ],
31 silly audit   chalk: [ '4.1.2' ],
31 silly audit   chokidar: [ '3.6.0' ],
31 silly audit   chownr: [ '1.1.4' ],
31 silly audit   'class-variance-authority': [ '0.7.1' ],
31 silly audit   'client-only': [ '0.0.1' ],
31 silly audit   cloudinary: [ '2.7.0' ],
31 silly audit   clsx: [ '2.1.1' ],
31 silly audit   cmdk: [ '1.1.1' ],
31 silly audit   color: [ '4.2.3' ],
31 silly audit   'color-convert': [ '2.0.1' ],
31 silly audit   'color-name': [ '1.1.4' ],
31 silly audit   'color-string': [ '1.9.1' ],
31 silly audit   'combined-stream': [ '1.0.8' ],
31 silly audit   commander: [ '4.1.1' ],
31 silly audit   'concat-map': [ '0.0.1' ],
31 silly audit   'content-type': [ '1.0.5' ],
31 silly audit   cookie: [ '0.7.1' ],
31 silly audit   cors: [ '2.8.5' ],
31 silly audit   'cross-spawn': [ '7.0.6' ],
31 silly audit   cssesc: [ '3.0.0' ],
31 silly audit   csstype: [ '3.1.3' ],
31 silly audit   'd3-array': [ '3.2.4' ],
31 silly audit   'd3-color': [ '3.1.0' ],
31 silly audit   'd3-ease': [ '3.0.1' ],
31 silly audit   'd3-format': [ '3.1.0' ],
31 silly audit   'd3-interpolate': [ '3.0.1' ],
31 silly audit   'd3-path': [ '3.1.0' ],
31 silly audit   'd3-scale': [ '4.0.2' ],
31 silly audit   'd3-shape': [ '3.2.0' ],
31 silly audit   'd3-time': [ '3.1.0' ],
31 silly audit   'd3-time-format': [ '4.1.0' ],
31 silly audit   'd3-timer': [ '3.0.1' ],
31 silly audit   'damerau-levenshtein': [ '1.0.8' ],
31 silly audit   'data-uri-to-buffer': [ '4.0.1' ],
31 silly audit   'data-view-buffer': [ '1.0.2' ],
31 silly audit   'data-view-byte-length': [ '1.0.2' ],
31 silly audit   'data-view-byte-offset': [ '1.0.1' ],
31 silly audit   'date-fns': [ '3.6.0' ],
31 silly audit   'decimal.js-light': [ '2.5.1' ],
31 silly audit   'decompress-response': [ '6.0.0' ],
31 silly audit   'deep-extend': [ '0.6.0' ],
31 silly audit   'deep-is': [ '0.1.4' ],
31 silly audit   'define-data-property': [ '1.1.4' ],
31 silly audit   'define-properties': [ '1.2.1' ],
31 silly audit   'delayed-stream': [ '1.0.0' ],
31 silly audit   depd: [ '2.0.0' ],
31 silly audit   destroy: [ '1.2.0' ],
31 silly audit   'detect-libc': [ '2.0.4' ],
31 silly audit   'detect-node-es': [ '1.1.0' ],
31 silly audit   didyoumean: [ '1.2.2' ],
31 silly audit   dlv: [ '1.1.3' ],
31 silly audit   doctrine: [ '2.1.0' ],
31 silly audit   'dom-helpers': [ '5.2.1' ],
31 silly audit   dotenv: [ '17.2.1' ],
31 silly audit   'dunder-proto': [ '1.0.1' ],
31 silly audit   eastasianwidth: [ '0.2.0' ],
31 silly audit   'ecdsa-sig-formatter': [ '1.0.11' ],
31 silly audit   'ee-first': [ '1.1.1' ],
31 silly audit   'electron-to-chromium': [ '1.5.190' ],
31 silly audit   'embla-carousel': [ '8.6.0' ],
31 silly audit   'embla-carousel-react': [ '8.6.0' ],
31 silly audit   'embla-carousel-reactive-utils': [ '8.6.0' ],
31 silly audit   'emoji-regex': [ '9.2.2', '8.0.0' ],
31 silly audit   encodeurl: [ '2.0.0', '1.0.2' ],
31 silly audit   'end-of-stream': [ '1.4.5' ],
31 silly audit   'es-abstract': [ '1.24.0' ],
31 silly audit   'es-define-property': [ '1.0.1' ],
31 silly audit   'es-errors': [ '1.3.0' ],
31 silly audit   'es-iterator-helpers': [ '1.2.1' ],
31 silly audit   'es-object-atoms': [ '1.1.1' ],
31 silly audit   'es-set-tostringtag': [ '2.1.0' ],
31 silly audit   'es-shim-unscopables': [ '1.1.0' ],
31 silly audit   'es-to-primitive': [ '1.3.0' ],
31 silly audit   'es6-promise': [ '4.2.8' ],
31 silly audit   esbuild: [ '0.25.8' ],
31 silly audit   escalade: [ '3.2.0' ],
31 silly audit   'escape-html': [ '1.0.3' ],
31 silly audit   'escape-string-regexp': [ '4.0.0' ],
31 silly audit   eslint: [ '9.31.0' ],
31 silly audit   'eslint-config-next': [ '15.4.4' ],
31 silly audit   'eslint-import-resolver-node': [ '0.3.9' ],
31 silly audit   'eslint-import-resolver-typescript': [ '3.10.1' ],
31 silly audit   'eslint-module-utils': [ '2.12.1' ],
31 silly audit   'eslint-plugin-import': [ '2.32.0' ],
31 silly audit   semver: [ '6.3.1', '7.7.2' ],
31 silly audit   'eslint-plugin-jsx-a11y': [ '6.10.2' ],
31 silly audit   'eslint-plugin-react': [ '7.37.5' ],
31 silly audit   'eslint-plugin-react-hooks': [ '5.2.0' ],
31 silly audit   resolve: [ '2.0.0-next.5', '1.22.10' ],
31 silly audit   'eslint-scope': [ '8.4.0' ],
31 silly audit   espree: [ '10.4.0' ],
31 silly audit   esquery: [ '1.6.0' ],
31 silly audit   esrecurse: [ '4.3.0' ],
31 silly audit   estraverse: [ '5.3.0' ],
31 silly audit   esutils: [ '2.0.3' ],
31 silly audit   etag: [ '1.8.1' ],
31 silly audit   eventsource: [ '3.0.7' ],
31 silly audit   'eventsource-parser': [ '3.0.3' ],
31 silly audit   'expand-template': [ '2.0.3' ],
31 silly audit   'express-rate-limit': [ '7.5.1' ],
31 silly audit   extend: [ '3.0.2' ],
31 silly audit   'fast-deep-equal': [ '3.1.3' ],
31 silly audit   'fast-equals': [ '5.2.2' ],
31 silly audit   'fast-json-stable-stringify': [ '2.1.0' ],
31 silly audit   'fast-levenshtein': [ '2.0.6' ],
31 silly audit   fastq: [ '1.19.1' ],
31 silly audit   'fetch-blob': [ '3.2.0' ],
31 silly audit   'file-entry-cache': [ '8.0.0' ],
31 silly audit   'file-uri-to-path': [ '1.0.0' ],
31 silly audit   'fill-range': [ '7.1.1' ],
31 silly audit   'find-up': [ '5.0.0' ],
31 silly audit   'flat-cache': [ '4.0.1' ],
31 silly audit   flatted: [ '3.3.3' ],
31 silly audit   'follow-redirects': [ '1.15.11' ],
31 silly audit   'for-each': [ '0.3.5' ],
31 silly audit   'foreground-child': [ '3.3.1' ],
31 silly audit   'formdata-polyfill': [ '4.0.10' ],
31 silly audit   forwarded: [ '0.2.0' ],
31 silly audit   'fraction.js': [ '4.3.7' ],
31 silly audit   'framer-motion': [ '11.18.2' ],
31 silly audit   'fs-constants': [ '1.0.0' ],
31 silly audit   fsevents: [ '2.3.3' ],
31 silly audit   'function-bind': [ '1.1.2' ],
31 silly audit   'function.prototype.name': [ '1.1.8' ],
31 silly audit   'functions-have-names': [ '1.2.3' ],
31 silly audit   gaxios: [ '7.1.1' ],
31 silly audit   'node-fetch': [ '3.3.2', '2.7.0' ],
31 silly audit   'gcp-metadata': [ '7.0.1' ],
31 silly audit   'get-intrinsic': [ '1.3.0' ],
31 silly audit   'get-nonce': [ '1.0.1' ],
31 silly audit   'get-proto': [ '1.0.1' ],
31 silly audit   'get-symbol-description': [ '1.1.0' ],
31 silly audit   'get-tsconfig': [ '4.10.1' ],
31 silly audit   'github-from-package': [ '0.0.0' ],
31 silly audit   glob: [ '10.4.5' ],
31 silly audit   globals: [ '14.0.0' ],
31 silly audit   globalthis: [ '1.0.4' ],
31 silly audit   'google-auth-library': [ '10.2.1' ],
31 silly audit   'google-logging-utils': [ '1.1.1' ],
31 silly audit   googleapis: [ '155.0.0' ],
31 silly audit   'googleapis-common': [ '8.0.0' ],
31 silly audit   gopd: [ '1.2.0' ],
31 silly audit   graphemer: [ '1.4.0' ],
31 silly audit   gtoken: [ '8.0.0' ],
31 silly audit   'has-bigints': [ '1.1.0' ],
31 silly audit   'has-flag': [ '4.0.0' ],
31 silly audit   'has-property-descriptors': [ '1.0.2' ],
31 silly audit   'has-proto': [ '1.2.0' ],
31 silly audit   'has-symbols': [ '1.1.0' ],
31 silly audit   'has-tostringtag': [ '1.0.2' ],
31 silly audit   hasown: [ '2.0.2' ],
31 silly audit   'http-errors': [ '2.0.0' ],
31 silly audit   'https-proxy-agent': [ '7.0.6' ],
31 silly audit   ieee754: [ '1.2.1' ],
31 silly audit   'import-fresh': [ '3.3.1' ],
31 silly audit   imurmurhash: [ '0.1.4' ],
31 silly audit   inherits: [ '2.0.4' ],
31 silly audit   ini: [ '1.3.8' ],
31 silly audit   'input-otp': [ '1.4.2' ],
31 silly audit   'internal-slot': [ '1.1.0' ],
31 silly audit   internmap: [ '2.0.3' ],
31 silly audit   'ipaddr.js': [ '1.9.1' ],
31 silly audit   'is-array-buffer': [ '3.0.5' ],
31 silly audit   'is-arrayish': [ '0.3.2' ],
31 silly audit   'is-async-function': [ '2.1.1' ],
31 silly audit   'is-bigint': [ '1.1.0' ],
31 silly audit   'is-binary-path': [ '2.1.0' ],
31 silly audit   'is-boolean-object': [ '1.2.2' ],
31 silly audit   'is-bun-module': [ '2.0.0' ],
31 silly audit   'is-callable': [ '1.2.7' ],
31 silly audit   'is-core-module': [ '2.16.1' ],
31 silly audit   'is-data-view': [ '1.0.2' ],
31 silly audit   'is-date-object': [ '1.1.0' ],
31 silly audit   'is-electron': [ '2.2.2' ],
31 silly audit   'is-extglob': [ '2.1.1' ],
31 silly audit   'is-finalizationregistry': [ '1.1.1' ],
31 silly audit   'is-fullwidth-code-point': [ '3.0.0' ],
31 silly audit   'is-generator-function': [ '1.1.0' ],
31 silly audit   'is-glob': [ '4.0.3' ],
31 silly audit   'is-map': [ '2.0.3' ],
31 silly audit   'is-negative-zero': [ '2.0.3' ],
31 silly audit   'is-number': [ '7.0.0' ],
31 silly audit   'is-number-object': [ '1.1.1' ],
31 silly audit   'is-promise': [ '4.0.0' ],
31 silly audit   'is-regex': [ '1.2.1' ],
31 silly audit   'is-set': [ '2.0.3' ],
31 silly audit   'is-shared-array-buffer': [ '1.0.4' ],
31 silly audit   'is-stream': [ '2.0.1' ],
31 silly audit   'is-string': [ '1.1.1' ],
31 silly audit   'is-symbol': [ '1.1.1' ],
31 silly audit   'is-typed-array': [ '1.1.15' ],
31 silly audit   'is-weakmap': [ '2.0.2' ],
31 silly audit   'is-weakref': [ '1.1.1' ],
31 silly audit   'is-weakset': [ '2.0.4' ],
31 silly audit   isarray: [ '2.0.5' ],
31 silly audit   isexe: [ '2.0.0' ],
31 silly audit   'iterator.prototype': [ '1.1.5' ],
31 silly audit   jackspeak: [ '3.4.3' ],
31 silly audit   jiti: [ '1.21.7' ],
31 silly audit   'js-tokens': [ '4.0.0' ],
31 silly audit   'js-yaml': [ '4.1.0' ],
31 silly audit   'json-bigint': [ '1.0.0' ],
31 silly audit   'json-buffer': [ '3.0.1' ],
31 silly audit   'json-schema-traverse': [ '0.4.1' ],
31 silly audit   'json-stable-stringify-without-jsonify': [ '1.0.1' ],
31 silly audit   json5: [ '1.0.2' ],
31 silly audit   'jsx-ast-utils': [ '3.3.5' ],
31 silly audit   jwa: [ '2.0.1' ],
31 silly audit   jws: [ '4.0.0' ],
31 silly audit   keyv: [ '4.5.4' ],
31 silly audit   'language-subtag-registry': [ '0.3.23' ],
31 silly audit   'language-tags': [ '1.0.9' ],
31 silly audit   levn: [ '0.4.1' ],
31 silly audit   lilconfig: [ '3.1.3' ],
31 silly audit   'lines-and-columns': [ '1.2.4' ],
31 silly audit   'locate-path': [ '6.0.0' ],
31 silly audit   lodash: [ '4.17.21' ],
31 silly audit   'lodash.castarray': [ '4.4.0' ],
31 silly audit   'lodash.isplainobject': [ '4.0.6' ],
31 silly audit   'lodash.merge': [ '4.6.2' ],
31 silly audit   'loose-envify': [ '1.4.0' ],
31 silly audit   'lucide-react': [ '0.453.0' ],
31 silly audit   'math-intrinsics': [ '1.1.0' ],
31 silly audit   merge2: [ '1.4.1' ],
31 silly audit   methods: [ '1.1.2' ],
31 silly audit   micromatch: [ '4.0.8' ],
31 silly audit   mime: [ '1.6.0' ],
31 silly audit   'mimic-response': [ '3.1.0' ],
31 silly audit   minimist: [ '1.2.8' ],
31 silly audit   minipass: [ '7.1.2' ],
31 silly audit   'mkdirp-classic': [ '0.5.3' ],
31 silly audit   'motion-dom': [ '11.18.1' ],
31 silly audit   'motion-utils': [ '11.18.1' ],
31 silly audit   mz: [ '2.7.0' ],
31 silly audit   nanoid: [ '3.3.11' ],
31 silly audit   'napi-build-utils': [ '2.0.0' ],
31 silly audit   'napi-postinstall': [ '0.3.2' ],
31 silly audit   'natural-compare': [ '1.4.0' ],
31 silly audit   next: [ '15.5.4' ],
31 silly audit   'next-themes': [ '0.4.6' ],
31 silly audit   postcss: [ '8.4.31', '8.5.6' ],
31 silly audit   'node-abi': [ '3.78.0' ],
31 silly audit   'node-domexception': [ '1.0.0' ],
31 silly audit   'node-gyp-build': [ '4.8.4' ],
31 silly audit   'node-releases': [ '2.0.19' ],
31 silly audit   nodemailer: [ '7.0.5' ],
31 silly audit   'normalize-path': [ '3.0.0' ],
31 silly audit   'normalize-range': [ '0.1.2' ],
31 silly audit   'object-assign': [ '4.1.1' ],
31 silly audit   'object-hash': [ '3.0.0' ],
31 silly audit   'object-inspect': [ '1.13.4' ],
31 silly audit   'object-keys': [ '1.1.1' ],
31 silly audit   'object.assign': [ '4.1.7' ],
31 silly audit   'object.entries': [ '1.1.9' ],
31 silly audit   'object.fromentries': [ '2.0.8' ],
31 silly audit   'object.groupby': [ '1.0.3' ],
31 silly audit   'object.values': [ '1.2.1' ],
31 silly audit   'on-finished': [ '2.4.1' ],
31 silly audit   once: [ '1.4.0' ],
31 silly audit   optionator: [ '0.9.4' ],
31 silly audit   'own-keys': [ '1.0.1' ],
31 silly audit   'p-finally': [ '1.0.0' ],
31 silly audit   'p-limit': [ '3.1.0' ],
31 silly audit   'p-locate': [ '5.0.0' ],
31 silly audit   'p-queue': [ '6.6.2' ],
31 silly audit   'p-retry': [ '4.6.2' ],
31 silly audit   'p-timeout': [ '3.2.0' ],
31 silly audit   'package-json-from-dist': [ '1.0.1' ],
31 silly audit   'parent-module': [ '1.0.1' ],
31 silly audit   parseurl: [ '1.3.3' ],
31 silly audit   'path-exists': [ '4.0.0' ],
31 silly audit   'path-key': [ '3.1.1' ],
31 silly audit   'path-parse': [ '1.0.7' ],
31 silly audit   'path-scurry': [ '1.11.1' ],
31 silly audit   'lru-cache': [ '10.4.3' ],
31 silly audit   'path-to-regexp': [ '0.1.12', '8.2.0' ],
31 silly audit   picocolors: [ '1.1.1' ],
31 silly audit   picomatch: [ '2.3.1', '4.0.3' ],
31 silly audit   pify: [ '2.3.0' ],
31 silly audit   pirates: [ '4.0.7' ],
31 silly audit   'pkce-challenge': [ '5.0.0' ],
31 silly audit   'possible-typed-array-names': [ '1.1.0' ],
31 silly audit   'postcss-import': [ '15.1.0' ],
31 silly audit   'postcss-js': [ '4.0.1' ],
31 silly audit   'postcss-nested': [ '6.2.0' ],
31 silly audit   'postcss-selector-parser': [ '6.1.2', '6.0.10' ],
31 silly audit   'postcss-value-parser': [ '4.2.0' ],
31 silly audit   'prebuild-install': [ '7.1.3' ],
31 silly audit   'prelude-ls': [ '1.2.1' ],
31 silly audit   prettier: [ '3.6.2' ],
31 silly audit   'prop-types': [ '15.8.1' ],
31 silly audit   'proxy-addr': [ '2.0.7' ],
31 silly audit   'proxy-from-env': [ '1.1.0' ],
31 silly audit   pump: [ '3.0.3' ],
31 silly audit   punycode: [ '2.3.1' ],
31 silly audit   q: [ '1.5.1' ],
31 silly audit   'queue-microtask': [ '1.2.3' ],
31 silly audit   'range-parser': [ '1.2.1' ],
31 silly audit   rc: [ '1.2.8' ],
31 silly audit   'strip-json-comments': [ '2.0.1', '3.1.1' ],
31 silly audit   react: [ '18.3.1' ],
31 silly audit   'react-day-picker': [ '8.10.1' ],
31 silly audit   'react-dom': [ '18.3.1' ],
31 silly audit   'react-icons': [ '5.5.0' ],
31 silly audit   'react-is': [ '16.13.1', '18.3.1' ],
31 silly audit   'react-remove-scroll': [ '2.7.1' ],
31 silly audit   'react-remove-scroll-bar': [ '2.3.8' ],
31 silly audit   'react-resizable-panels': [ '2.1.9' ],
31 silly audit   'react-smooth': [ '4.0.4' ],
31 silly audit   'react-style-singleton': [ '2.2.3' ],
31 silly audit   'react-transition-group': [ '4.4.5' ],
31 silly audit   'read-cache': [ '1.0.0' ],
31 silly audit   'readable-stream': [ '3.6.2' ],
31 silly audit   readdirp: [ '3.6.0' ],
31 silly audit   recharts: [ '2.15.4' ],
31 silly audit   'recharts-scale': [ '0.4.5' ],
31 silly audit   'reflect.getprototypeof': [ '1.0.10' ],
31 silly audit   'regexp.prototype.flags': [ '1.5.4' ],
31 silly audit   'resolve-from': [ '4.0.0' ],
31 silly audit   'resolve-pkg-maps': [ '1.0.0' ],
31 silly audit   retry: [ '0.13.1' ],
31 silly audit   reusify: [ '1.1.0' ],
31 silly audit   router: [ '2.2.0' ],
31 silly audit   'run-parallel': [ '1.2.0' ],
31 silly audit   'safe-array-concat': [ '1.1.3' ],
31 silly audit   'safe-buffer': [ '5.2.1' ],
31 silly audit   'safe-push-apply': [ '1.0.0' ],
31 silly audit   'safe-regex-test': [ '1.1.0' ],
31 silly audit   'safer-buffer': [ '2.1.2' ],
31 silly audit   scheduler: [ '0.23.2' ],
31 silly audit   'set-function-length': [ '1.2.2' ],
31 silly audit   'set-function-name': [ '2.0.2' ],
31 silly audit   'set-proto': [ '1.0.0' ],
31 silly audit   setprototypeof: [ '1.2.0' ],
31 silly audit   sharp: [ '0.34.3' ],
31 silly audit   'shebang-command': [ '2.0.0' ],
31 silly audit   'shebang-regex': [ '3.0.0' ],
31 silly audit   'side-channel': [ '1.1.0' ],
31 silly audit   'side-channel-list': [ '1.0.0' ],
31 silly audit   'side-channel-map': [ '1.0.1' ],
31 silly audit   'side-channel-weakmap': [ '1.0.2' ],
31 silly audit   'signal-exit': [ '4.1.0' ],
31 silly audit   'simple-concat': [ '1.0.1' ],
31 silly audit   'simple-get': [ '4.0.1' ],
31 silly audit   'simple-swizzle': [ '0.2.2' ],
31 silly audit   'source-map-js': [ '1.2.1' ],
31 silly audit   'stable-hash': [ '0.0.5' ],
31 silly audit   statuses: [ '2.0.1' ],
31 silly audit   'stop-iteration-iterator': [ '1.1.0' ],
31 silly audit   string_decoder: [ '1.3.0' ],
31 silly audit   'string-width': [ '5.1.2', '4.2.3' ],
31 silly audit   'strip-ansi': [ '6.0.1', '7.1.0' ],
31 silly audit   'string.prototype.includes': [ '2.0.1' ],
31 silly audit   'string.prototype.matchall': [ '4.0.12' ],
31 silly audit   'string.prototype.repeat': [ '1.0.0' ],
31 silly audit   'string.prototype.trim': [ '1.2.10' ],
31 silly audit   'string.prototype.trimend': [ '1.0.9' ],
31 silly audit   'string.prototype.trimstart': [ '1.0.8' ],
31 silly audit   'strip-bom': [ '3.0.0' ],
31 silly audit   stripe: [ '18.4.0' ],
31 silly audit   'styled-jsx': [ '5.1.6' ],
31 silly audit   sucrase: [ '3.35.0' ],
31 silly audit   'supports-color': [ '7.2.0' ],
31 silly audit   'supports-preserve-symlinks-flag': [ '1.0.0' ],
31 silly audit   'tailwind-merge': [ '2.6.0' ],
31 silly audit   tailwindcss: [ '3.4.17' ],
31 silly audit   'tailwindcss-animate': [ '1.0.7' ],
31 silly audit   'postcss-load-config': [ '4.0.2' ],
31 silly audit   'tar-fs': [ '2.1.4' ],
31 silly audit   'tar-stream': [ '2.2.0' ],
31 silly audit   thenify: [ '3.3.1' ],
31 silly audit   'thenify-all': [ '1.6.0' ],
31 silly audit   'tiny-invariant': [ '1.3.3' ],
31 silly audit   tinyglobby: [ '0.2.14' ],
31 silly audit   fdir: [ '6.4.6' ],
31 silly audit   'to-regex-range': [ '5.0.1' ],
31 silly audit   toidentifier: [ '1.0.1' ],
31 silly audit   tr46: [ '0.0.3' ],
31 silly audit   'ts-api-utils': [ '2.1.0' ],
31 silly audit   'ts-interface-checker': [ '0.1.13' ],
31 silly audit   'tsconfig-paths': [ '3.15.0' ],
31 silly audit   tslib: [ '2.8.1' ],
31 silly audit   tsx: [ '4.20.3' ],
31 silly audit   'tunnel-agent': [ '0.6.0' ],
31 silly audit   'tw-animate-css': [ '1.3.5' ],
31 silly audit   'type-check': [ '0.4.0' ],
31 silly audit   'typed-array-buffer': [ '1.0.3' ],
31 silly audit   'typed-array-byte-length': [ '1.0.3' ],
31 silly audit   'typed-array-byte-offset': [ '1.0.4' ],
31 silly audit   'typed-array-length': [ '1.0.7' ],
31 silly audit   typescript: [ '5.6.3' ],
31 silly audit   'unbox-primitive': [ '1.1.0' ],
31 silly audit   'undici-types': [ '6.19.8' ],
31 silly audit   unpipe: [ '1.0.0' ],
31 silly audit   'unrs-resolver': [ '1.11.1' ],
31 silly audit   'update-browserslist-db': [ '1.1.3' ],
31 silly audit   'uri-js': [ '4.4.1' ],
31 silly audit   'url-template': [ '2.0.8' ],
31 silly audit   'use-callback-ref': [ '1.3.3' ],
31 silly audit   'use-sidecar': [ '1.1.3' ],
31 silly audit   'use-sync-external-store': [ '1.5.0' ],
31 silly audit   'util-deprecate': [ '1.0.2' ],
31 silly audit   'utils-merge': [ '1.0.1' ],
31 silly audit   vary: [ '1.1.2' ],
31 silly audit   vaul: [ '1.1.2' ],
31 silly audit   'victory-vendor': [ '36.9.2' ],
31 silly audit   'web-streams-polyfill': [ '3.3.3' ],
31 silly audit   'webidl-conversions': [ '3.0.1' ],
31 silly audit   'whatwg-url': [ '5.0.0' ],
31 silly audit   which: [ '2.0.2' ],
31 silly audit   'which-boxed-primitive': [ '1.1.1' ],
31 silly audit   'which-builtin-type': [ '1.2.1' ],
31 silly audit   'which-collection': [ '1.0.2' ],
31 silly audit   'which-typed-array': [ '1.1.19' ],
31 silly audit   'word-wrap': [ '1.2.5' ],
31 silly audit   'wrap-ansi': [ '8.1.0', '7.0.0' ],
31 silly audit   wrappy: [ '1.0.2' ],
31 silly audit   yaml: [ '2.8.0' ],
31 silly audit   'yocto-queue': [ '0.1.0' ],
31 silly audit   zod: [ '3.25.76' ],
31 silly audit   'zod-to-json-schema': [ '3.24.6' ],
31 silly audit   '@types/better-sqlite3': [ '7.6.13' ],
31 silly audit   bcryptjs: [ '2.4.3' ],
31 silly audit   'better-sqlite3': [ '9.6.0' ]
31 silly audit }
32 http fetch POST 200 https://registry.npmjs.org/-/npm/v1/security/advisories/bulk 126ms
33 silly audit report {}
34 verbose cwd /Users/karstenmonteiro/Dev/mountmix/mountain-mixology
35 verbose os Darwin 25.1.0
36 verbose node v22.16.0
37 verbose npm  v11.6.0
38 notice
38 notice New patch version of npm available! 11.6.0 -> 11.6.1
38 notice Changelog: https://github.com/npm/cli/releases/tag/v11.6.1
38 notice To update run: npm install -g npm@11.6.1
38 notice  { force: true, [Symbol(proc-log.meta)]: true }
39 verbose exit 0
40 info ok
